<?xml version="1.0" encoding="UTF-8"?>
<testsuite xmlns:xsi="http://www.w3.org/2001/XMLSchema-instance" xsi:noNamespaceSchemaLocation="https://maven.apache.org/surefire/maven-surefire-plugin/xsd/surefire-test-report-3.0.xsd" version="3.0" name="TestSuite" time="32.887" tests="1" errors="0" skipped="0" failures="0">
  <properties>
[...]
</properties>
  <testcase name="loginTest" classname="com.OpenCartAutomation.TestCases.TC_LoginTest_001" time="19.904">
    <system-out><![CDATA[ INFO [main] (BaseClass.java:47)- ************** Executing on chrome browser ***************
Entered the application URL :https://demo.opencart.com/index.php?route=common/home
 INFO [main] (BaseClass.java:81)- Entered the application URL :https://demo.opencart.com/index.php?route=common/home
Clicking on My Account
 INFO [main] (TC_LoginTest_001.java:23)- Clicking on My Account dropdown
Clicking on Login
 INFO [main] (TC_LoginTest_001.java:28)- Clicking on Login dropdown
Email text box is present on the login page
 INFO [main] (TC_LoginTest_001.java:40)- Email text box is present on the login page
Entering email address
 INFO [main] (TC_LoginTest_001.java:52)- Entering email address
Password text box is present on the login page
 INFO [main] (TC_LoginTest_001.java:64)- Password text box is present on the login page
Entering password
 INFO [main] (TC_LoginTest_001.java:77)- Entering password
Login button is present on the login page, Test case passed
 INFO [main] (TC_LoginTest_001.java:89)- Login button is present on the login page, Test case passed
Clicking on Login button
 INFO [main] (TC_LoginTest_001.java:109)- Clicking on Login button
Actual Title-->true Expected Title-->My Account, Login test case passed....
 INFO [main] (TC_LoginTest_001.java:119)- Actual Title-->true Expected Title-->My Account, Login test case passed....
]]></system-out>
    <system-err><![CDATA[Starting ChromeDriver 96.0.4664.45 (76e4c1bb2ab4671b8beba3444e61c0f17584b2fc-refs/branch-heads/4664@{#947}) on port 27845
Only local connections are allowed.
Please see https://chromedriver.chromium.org/security-considerations for suggestions on keeping ChromeDriver safe.
ChromeDriver was started successfully.
Dec 22, 2021 10:31:56 AM org.openqa.selenium.remote.ProtocolHandshake createSession
INFO: Detected dialect: W3C
]]></system-err>
  </testcase>
</testsuite>