<?xml version="1.0" encoding="UTF-8"?>
<testng-results skipped="0" failed="0" ignored="0" total="1" passed="1">
  <reporter-output>
  </reporter-output>
  <suite name="Suite" duration-ms="32012" started-at="2021-12-22T10:31:48 IST" finished-at="2021-12-22T10:32:20 IST">
    <groups>
    </groups>
    <test name="Test" duration-ms="32012" started-at="2021-12-22T10:31:48 IST" finished-at="2021-12-22T10:32:20 IST">
      <class name="com.OpenCartAutomation.TestCases.TC_LoginTest_001">
        <test-method status="PASS" signature="setup(java.lang.String)[pri:0, instance:com.OpenCartAutomation.TestCases.TC_LoginTest_001@687080dc]" name="setup" is-config="true" duration-ms="10830" started-at="2021-12-22T10:31:48 IST" finished-at="2021-12-22T10:31:58 IST">
          <params>
            <param index="0">
              <value>
                <![CDATA[chrome]]>
              </value>
            </param>
          </params>
          <reporter-output>
          </reporter-output>
        </test-method> <!-- setup -->
        <test-method status="PASS" signature="loginTest()[pri:0, instance:com.OpenCartAutomation.TestCases.TC_LoginTest_001@687080dc]" name="loginTest" duration-ms="19920" started-at="2021-12-22T10:31:58 IST" finished-at="2021-12-22T10:32:18 IST">
          <reporter-output>
          </reporter-output>
        </test-method> <!-- loginTest -->
        <test-method status="PASS" signature="tearDown()[pri:0, instance:com.OpenCartAutomation.TestCases.TC_LoginTest_001@687080dc]" name="tearDown" is-config="true" duration-ms="1223" started-at="2021-12-22T10:32:18 IST" finished-at="2021-12-22T10:32:20 IST">
          <reporter-output>
          </reporter-output>
        </test-method> <!-- tearDown -->
      </class> <!-- com.OpenCartAutomation.TestCases.TC_LoginTest_001 -->
    </test> <!-- Test -->
  </suite> <!-- Suite -->
</testng-results>
