<?xml version="1.0" encoding="UTF-8"?>
<testng-results ignored="0" total="1" passed="1" failed="0" skipped="0">
  <reporter-output>
  </reporter-output>
  <suite started-at="2021-12-21T17:49:54 IST" name="Suite" finished-at="2021-12-21T17:50:24 IST" duration-ms="29528">
    <groups>
    </groups>
    <test started-at="2021-12-21T17:49:54 IST" name="Test" finished-at="2021-12-21T17:50:24 IST" duration-ms="29528">
      <class name="com.OpenCartAutomation.TestCases.TC_LoginTest_001">
        <test-method is-config="true" signature="setup(java.lang.String)[pri:0, instance:com.OpenCartAutomation.TestCases.TC_LoginTest_001@f5acb9d]" started-at="2021-12-21T17:49:54 IST" name="setup" finished-at="2021-12-21T17:50:03 IST" duration-ms="8336" status="PASS">
          <params>
            <param index="0">
              <value>
                <![CDATA[chrome]]>
              </value>
            </param>
          </params>
          <reporter-output>
          </reporter-output>
        </test-method> <!-- setup -->
        <test-method signature="loginTest()[pri:0, instance:com.OpenCartAutomation.TestCases.TC_LoginTest_001@f5acb9d]" started-at="2021-12-21T17:50:03 IST" name="loginTest" finished-at="2021-12-21T17:50:23 IST" duration-ms="20184" status="PASS">
          <reporter-output>
          </reporter-output>
        </test-method> <!-- loginTest -->
        <test-method is-config="true" signature="tearDown()[pri:0, instance:com.OpenCartAutomation.TestCases.TC_LoginTest_001@f5acb9d]" started-at="2021-12-21T17:50:23 IST" name="tearDown" finished-at="2021-12-21T17:50:24 IST" duration-ms="936" status="PASS">
          <reporter-output>
          </reporter-output>
        </test-method> <!-- tearDown -->
      </class> <!-- com.OpenCartAutomation.TestCases.TC_LoginTest_001 -->
    </test> <!-- Test -->
  </suite> <!-- Suite -->
</testng-results>
